<?xml version="1.0" encoding="UTF-8"?>
<testng-results skipped="0" failed="0" ignored="0" total="1" passed="1">
  <reporter-output>
    <line>
      <![CDATA[running sample test]]>
    </line>
  </reporter-output>
  <suite name="testNGScripts.SampleTest" duration-ms="36" started-at="2017-09-03T13:30:20Z" finished-at="2017-09-03T13:30:20Z">
    <groups>
    </groups>
    <test name="Command line test" duration-ms="36" started-at="2017-09-03T13:30:20Z" finished-at="2017-09-03T13:30:20Z">
      <class name="testNGScripts.SampleTest">
        <test-method status="PASS" signature="sample()[pri:0, instance:testNGScripts.SampleTest@7946e1f4]" name="sample" duration-ms="10" started-at="2017-09-03T19:00:20Z" finished-at="2017-09-03T19:00:20Z">
          <reporter-output>
            <line>
              <![CDATA[running sample test]]>
            </line>
          </reporter-output>
        </test-method> <!-- sample -->
      </class> <!-- testNGScripts.SampleTest -->
    </test> <!-- Command line test -->
  </suite> <!-- testNGScripts.SampleTest -->
</testng-results>
