<?xml version="1.0" encoding="UTF-8"?>
<testng-results skipped="0" failed="0" ignored="0" total="1" passed="1">
  <reporter-output>
    <line>
      <![CDATA[running sample test]]>
    </line>
  </reporter-output>
  <suite name="Suite" duration-ms="50" started-at="2017-09-02T17:24:23Z" finished-at="2017-09-02T17:24:23Z">
    <groups>
    </groups>
    <test name="Test" duration-ms="50" started-at="2017-09-02T17:24:23Z" finished-at="2017-09-02T17:24:23Z">
      <class name="testNGScripts.SampleTest">
        <test-method status="PASS" signature="sample()[pri:0, instance:testNGScripts.SampleTest@29ca901e]" name="sample" duration-ms="17" started-at="2017-09-02T22:54:23Z" finished-at="2017-09-02T22:54:23Z">
          <reporter-output>
            <line>
              <![CDATA[running sample test]]>
            </line>
          </reporter-output>
        </test-method> <!-- sample -->
      </class> <!-- testNGScripts.SampleTest -->
    </test> <!-- Test -->
  </suite> <!-- Suite -->
</testng-results>
